app/build/intermediates/manifest_merge_blame_file/debug/manifest-merger-blame-debug-report.txt
1<?xml version="1.0" encoding="utf-8"?>
2<manifest xmlns:android="http://schemas.android.com/apk/res/android"
3    package="com.codingwithme.recipeapp"
4    android:versionCode="1"
5    android:versionName="1.0" >
6
7    <uses-sdk
8        android:minSdkVersion="22"
8-->src\main\AndroidManifest.xml
9        android:targetSdkVersion="30" />
9-->src\main\AndroidManifest.xml
10
11    <uses-permission android:name="android.permission.WRITE_EXTERNAL_STORAGE" />
11-->src\main\AndroidManifest.xml:5:5-80
11-->src\main\AndroidManifest.xml:5:22-78
12    <uses-permission android:name="android.permission.READ_EXTERNAL_STORAGE" />
12-->src\main\AndroidManifest.xml:6:5-79
12-->src\main\AndroidManifest.xml:6:22-77
13    <uses-permission android:name="android.permission.INTERNET" />
13-->src\main\AndroidManifest.xml:7:5-66
13-->src\main\AndroidManifest.xml:7:22-64
14
15    <application
15-->src\main\AndroidManifest.xml:9:5-31:19
16        android:allowBackup="true"
16-->src\main\AndroidManifest.xml:10:9-35
17        android:appComponentFactory="androidx.core.app.CoreComponentFactory"
17-->[androidx.core:core:1.3.2] AndroidManifest.xml:24:18-86
18        android:debuggable="true"
19        android:icon="@mipmap/ic_launcher"
19-->src\main\AndroidManifest.xml:11:9-43
20        android:label="@string/app_name"
20-->src\main\AndroidManifest.xml:12:9-41
21        android:requestLegacyExternalStorage="true"
21-->src\main\AndroidManifest.xml:15:9-52
22        android:roundIcon="@mipmap/ic_launcher_round"
22-->src\main\AndroidManifest.xml:13:9-54
23        android:supportsRtl="true"
23-->src\main\AndroidManifest.xml:14:9-35
24        android:testOnly="true"
25        android:theme="@style/Theme.RecipeApp" >
25-->src\main\AndroidManifest.xml:16:9-47
26        <activity
26-->src\main\AndroidManifest.xml:17:9-24:20
27            android:name="com.codingwithme.recipeapp.SplashActivity"
27-->src\main\AndroidManifest.xml:17:19-49
28            android:screenOrientation="locked" >
28-->src\main\AndroidManifest.xml:18:13-47
29            <intent-filter>
29-->src\main\AndroidManifest.xml:19:13-23:29
30                <action android:name="android.intent.action.MAIN" />
30-->src\main\AndroidManifest.xml:20:17-69
30-->src\main\AndroidManifest.xml:20:25-66
31
32                <category android:name="android.intent.category.LAUNCHER" />
32-->src\main\AndroidManifest.xml:22:17-77
32-->src\main\AndroidManifest.xml:22:27-74
33            </intent-filter>
34        </activity>
35        <activity
35-->src\main\AndroidManifest.xml:26:9-27:49
36            android:name="com.codingwithme.recipeapp.HomeActivity"
36-->src\main\AndroidManifest.xml:26:19-47
37            android:screenOrientation="locked" />
37-->src\main\AndroidManifest.xml:27:13-47
38        <activity
38-->src\main\AndroidManifest.xml:29:9-30:49
39            android:name="com.codingwithme.recipeapp.DetailActivity"
39-->src\main\AndroidManifest.xml:29:19-49
40            android:screenOrientation="locked" />
40-->src\main\AndroidManifest.xml:30:13-47
41        <activity
41-->[pub.devrel:easypermissions:3.0.0] AndroidManifest.xml:12:9-16:66
42            android:name="pub.devrel.easypermissions.AppSettingsDialogHolderActivity"
42-->[pub.devrel:easypermissions:3.0.0] AndroidManifest.xml:13:13-86
43            android:exported="false"
43-->[pub.devrel:easypermissions:3.0.0] AndroidManifest.xml:14:13-37
44            android:label=""
44-->[pub.devrel:easypermissions:3.0.0] AndroidManifest.xml:15:13-29
45            android:theme="@style/EasyPermissions.Transparent" />
45-->[pub.devrel:easypermissions:3.0.0] AndroidManifest.xml:16:13-63
46
47        <service
47-->[androidx.room:room-runtime:2.2.5] AndroidManifest.xml:25:9-28:40
48            android:name="androidx.room.MultiInstanceInvalidationService"
48-->[androidx.room:room-runtime:2.2.5] AndroidManifest.xml:26:13-74
49            android:directBootAware="true"
49-->[androidx.room:room-runtime:2.2.5] AndroidManifest.xml:27:13-43
50            android:exported="false" />
50-->[androidx.room:room-runtime:2.2.5] AndroidManifest.xml:28:13-37
51    </application>
52
53</manifest>